[2026-05-07 03:33:33] [PAYMENT_FOUND   ] {"bookingId":16,"amount":5000,"content":"MBVCB.14103862114.936280.BOOKING 000016 NGAN KIEU.CT tu 1050974043 NGUYEN KIEU NGAN toi 9410102005 NGUYEN THI KIEU NGAN tai MB- Ma GD ACSP/","txId":"56077455","txDate":"2026-05-07 08:33:00"}
[2026-05-07 04:21:41] [CURL_ERROR      ] {"error":"Could not resolve host: my.sepay.vn"}
[2026-05-07 04:21:46] [CURL_ERROR      ] {"error":"Could not resolve host: my.sepay.vn"}
[2026-05-07 04:21:51] [CURL_ERROR      ] {"error":"Could not resolve host: my.sepay.vn"}
[2026-05-07 04:21:56] [CURL_ERROR      ] {"error":"Could not resolve host: my.sepay.vn"}
[2026-05-07 04:22:01] [CURL_ERROR      ] {"error":"Could not resolve host: my.sepay.vn"}
[2026-05-07 04:22:06] [CURL_ERROR      ] {"error":"Could not resolve host: my.sepay.vn"}
[2026-05-07 04:22:11] [CURL_ERROR      ] {"error":"Could not resolve host: my.sepay.vn"}
[2026-05-07 04:22:16] [CURL_ERROR      ] {"error":"Could not resolve host: my.sepay.vn"}
[2026-05-07 04:22:21] [CURL_ERROR      ] {"error":"Could not resolve host: my.sepay.vn"}
[2026-05-07 04:22:26] [CURL_ERROR      ] {"error":"Could not resolve host: my.sepay.vn"}
[2026-05-07 04:22:31] [CURL_ERROR      ] {"error":"Could not resolve host: my.sepay.vn"}
[2026-05-07 04:22:36] [CURL_ERROR      ] {"error":"Could not resolve host: my.sepay.vn"}
[2026-05-07 04:22:41] [CURL_ERROR      ] {"error":"Could not resolve host: my.sepay.vn"}
[2026-05-07 04:22:46] [CURL_ERROR      ] {"error":"Could not resolve host: my.sepay.vn"}
[2026-05-07 04:22:51] [CURL_ERROR      ] {"error":"Could not resolve host: my.sepay.vn"}
[2026-05-07 04:22:56] [CURL_ERROR      ] {"error":"Could not resolve host: my.sepay.vn"}
[2026-05-07 04:23:14] [CURL_ERROR      ] {"error":"Resolving timed out after 8011 milliseconds"}
[2026-05-07 04:23:26] [CURL_ERROR      ] {"error":"Resolving timed out after 8003 milliseconds"}
[2026-05-07 04:23:59] [CURL_ERROR      ] {"error":"Operation timed out after 8011 milliseconds with 0 bytes received"}
[2026-05-07 04:42:32] [CURL_ERROR      ] {"error":"Failed to connect to my.sepay.vn port 443 after 176 ms: Couldn't connect to server"}
[2026-05-07 04:42:37] [CURL_ERROR      ] {"error":"Failed to connect to my.sepay.vn port 443 after 4 ms: Couldn't connect to server"}
